
*** Running vivado
    with args -log UART2PWM_rx_mod_0_0.vds -m64 -product Vivado -mode batch -messageDb vivado.pb -notrace -source UART2PWM_rx_mod_0_0.tcl


****** Vivado v2020.2 (64-bit)
  **** SW Build 3064766 on Wed Nov 18 09:12:47 MST 2020
  **** IP Build 3064653 on Wed Nov 18 14:17:31 MST 2020
    ** Copyright 1986-2020 Xilinx, Inc. All Rights Reserved.

source UART2PWM_rx_mod_0_0.tcl -notrace
Command: synth_design -top UART2PWM_rx_mod_0_0 -part xc7z020clg400-1 -mode out_of_context
Starting synth_design
WARNING: [IP_Flow 19-3571] IP 'UART2PWM_rx_mod_0_0' is restricted:
* Module reference is stale and needs refreshing.
Attempting to get a license for feature 'Synthesis' and/or device 'xc7z020'
INFO: [Common 17-349] Got license for feature 'Synthesis' and/or device 'xc7z020'
INFO: [Synth 8-7079] Multithreading enabled for synth_design using a maximum of 4 processes.
INFO: [Synth 8-7078] Launching helper process for spawning children vivado processes
INFO: [Synth 8-7075] Helper process launched with PID 33281
---------------------------------------------------------------------------------
Starting Synthesize : Time (s): cpu = 00:00:02 ; elapsed = 00:00:02 . Memory (MB): peak = 2369.625 ; gain = 0.000 ; free physical = 16093 ; free virtual = 24802
---------------------------------------------------------------------------------
INFO: [Synth 8-6157] synthesizing module 'UART2PWM_rx_mod_0_0' [/home/therk/emb_sys_vivado/blocks/UART2PWM/ip/UART2PWM_rx_mod_0_0/synth/UART2PWM_rx_mod_0_0.v:58]
INFO: [Synth 8-638] synthesizing module 'rx_mod' [/home/therk/emb_sys_vivado/project_2/project_2.srcs/sources_1/imports/components/rx_mod_rtl.vhd:28]
INFO: [Synth 8-256] done synthesizing module 'rx_mod' (1#1) [/home/therk/emb_sys_vivado/project_2/project_2.srcs/sources_1/imports/components/rx_mod_rtl.vhd:28]
INFO: [Synth 8-6155] done synthesizing module 'UART2PWM_rx_mod_0_0' (2#1) [/home/therk/emb_sys_vivado/blocks/UART2PWM/ip/UART2PWM_rx_mod_0_0/synth/UART2PWM_rx_mod_0_0.v:58]
---------------------------------------------------------------------------------
Finished Synthesize : Time (s): cpu = 00:00:02 ; elapsed = 00:00:02 . Memory (MB): peak = 2372.520 ; gain = 2.895 ; free physical = 16096 ; free virtual = 24805
---------------------------------------------------------------------------------
---------------------------------------------------------------------------------
Finished Constraint Validation : Time (s): cpu = 00:00:02 ; elapsed = 00:00:02 . Memory (MB): peak = 2387.363 ; gain = 17.738 ; free physical = 16774 ; free virtual = 25484
---------------------------------------------------------------------------------
---------------------------------------------------------------------------------
Start Loading Part and Timing Information
---------------------------------------------------------------------------------
Loading part: xc7z020clg400-1
---------------------------------------------------------------------------------
Finished Loading Part and Timing Information : Time (s): cpu = 00:00:02 ; elapsed = 00:00:02 . Memory (MB): peak = 2395.367 ; gain = 25.742 ; free physical = 16772 ; free virtual = 25482
---------------------------------------------------------------------------------
INFO: [Device 21-403] Loading part xc7z020clg400-1
---------------------------------------------------------------------------------
Finished RTL Optimization Phase 2 : Time (s): cpu = 00:00:02 ; elapsed = 00:00:02 . Memory (MB): peak = 2404.273 ; gain = 34.648 ; free physical = 16759 ; free virtual = 25469
---------------------------------------------------------------------------------
No constraint files found.
---------------------------------------------------------------------------------
Start RTL Component Statistics 
---------------------------------------------------------------------------------
Detailed RTL Component Info : 
+---Adders : 
	   2 Input    4 Bit       Adders := 1     
+---Registers : 
	               10 Bit    Registers := 1     
	                4 Bit    Registers := 1     
	                1 Bit    Registers := 4     
+---Muxes : 
	   2 Input   10 Bit        Muxes := 2     
	   2 Input    4 Bit        Muxes := 2     
	   2 Input    1 Bit        Muxes := 4     
---------------------------------------------------------------------------------
Finished RTL Component Statistics 
---------------------------------------------------------------------------------
---------------------------------------------------------------------------------
Start Part Resource Summary
---------------------------------------------------------------------------------
Part Resources:
DSPs: 220 (col length:60)
BRAMs: 280 (col length: RAMB18 60 RAMB36 30)
---------------------------------------------------------------------------------
Finished Part Resource Summary
---------------------------------------------------------------------------------
No constraint files found.
---------------------------------------------------------------------------------
Start Cross Boundary and Area Optimization
---------------------------------------------------------------------------------
---------------------------------------------------------------------------------
Finished Cross Boundary and Area Optimization : Time (s): cpu = 00:00:04 ; elapsed = 00:00:05 . Memory (MB): peak = 2578.969 ; gain = 209.344 ; free physical = 16410 ; free virtual = 25122
---------------------------------------------------------------------------------
No constraint files found.
---------------------------------------------------------------------------------
Start Timing Optimization
---------------------------------------------------------------------------------
---------------------------------------------------------------------------------
Finished Timing Optimization : Time (s): cpu = 00:00:04 ; elapsed = 00:00:05 . Memory (MB): peak = 2578.969 ; gain = 209.344 ; free physical = 16404 ; free virtual = 25116
---------------------------------------------------------------------------------
---------------------------------------------------------------------------------
Start Technology Mapping
---------------------------------------------------------------------------------
---------------------------------------------------------------------------------
Finished Technology Mapping : Time (s): cpu = 00:00:04 ; elapsed = 00:00:05 . Memory (MB): peak = 2578.969 ; gain = 209.344 ; free physical = 16403 ; free virtual = 25116
---------------------------------------------------------------------------------
---------------------------------------------------------------------------------
Start IO Insertion
---------------------------------------------------------------------------------
---------------------------------------------------------------------------------
Start Flattening Before IO Insertion
---------------------------------------------------------------------------------
---------------------------------------------------------------------------------
Finished Flattening Before IO Insertion
---------------------------------------------------------------------------------
---------------------------------------------------------------------------------
Start Final Netlist Cleanup
---------------------------------------------------------------------------------
---------------------------------------------------------------------------------
Finished Final Netlist Cleanup
---------------------------------------------------------------------------------
---------------------------------------------------------------------------------
Finished IO Insertion : Time (s): cpu = 00:00:05 ; elapsed = 00:00:06 . Memory (MB): peak = 2578.969 ; gain = 209.344 ; free physical = 16317 ; free virtual = 25030
---------------------------------------------------------------------------------
---------------------------------------------------------------------------------
Start Renaming Generated Instances
---------------------------------------------------------------------------------
---------------------------------------------------------------------------------
Finished Renaming Generated Instances : Time (s): cpu = 00:00:05 ; elapsed = 00:00:06 . Memory (MB): peak = 2578.969 ; gain = 209.344 ; free physical = 16317 ; free virtual = 25030
---------------------------------------------------------------------------------
---------------------------------------------------------------------------------
Start Rebuilding User Hierarchy
---------------------------------------------------------------------------------
---------------------------------------------------------------------------------
Finished Rebuilding User Hierarchy : Time (s): cpu = 00:00:05 ; elapsed = 00:00:06 . Memory (MB): peak = 2578.969 ; gain = 209.344 ; free physical = 16317 ; free virtual = 25029
---------------------------------------------------------------------------------
---------------------------------------------------------------------------------
Start Renaming Generated Ports
---------------------------------------------------------------------------------
---------------------------------------------------------------------------------
Finished Renaming Generated Ports : Time (s): cpu = 00:00:05 ; elapsed = 00:00:06 . Memory (MB): peak = 2578.969 ; gain = 209.344 ; free physical = 16317 ; free virtual = 25029
---------------------------------------------------------------------------------
---------------------------------------------------------------------------------
Start Handling Custom Attributes
---------------------------------------------------------------------------------
---------------------------------------------------------------------------------
Finished Handling Custom Attributes : Time (s): cpu = 00:00:05 ; elapsed = 00:00:06 . Memory (MB): peak = 2578.969 ; gain = 209.344 ; free physical = 16317 ; free virtual = 25029
---------------------------------------------------------------------------------
---------------------------------------------------------------------------------
Start Renaming Generated Nets
---------------------------------------------------------------------------------
---------------------------------------------------------------------------------
Finished Renaming Generated Nets : Time (s): cpu = 00:00:05 ; elapsed = 00:00:06 . Memory (MB): peak = 2578.969 ; gain = 209.344 ; free physical = 16317 ; free virtual = 25029
---------------------------------------------------------------------------------
---------------------------------------------------------------------------------
Start Writing Synthesis Report
---------------------------------------------------------------------------------

Report BlackBoxes: 
+-+--------------+----------+
| |BlackBox name |Instances |
+-+--------------+----------+
+-+--------------+----------+

Report Cell Usage: 
+------+-----+------+
|      |Cell |Count |
+------+-----+------+
|1     |LUT2 |     2|
|2     |LUT3 |    11|
|3     |LUT4 |     2|
|4     |LUT5 |     1|
|5     |LUT6 |     3|
|6     |FDCE |     6|
|7     |FDPE |    12|
+------+-----+------+

Report Instance Areas: 
+------+---------+-------+------+
|      |Instance |Module |Cells |
+------+---------+-------+------+
|1     |top      |       |    37|
|2     |  inst   |rx_mod |    37|
+------+---------+-------+------+
---------------------------------------------------------------------------------
Finished Writing Synthesis Report : Time (s): cpu = 00:00:05 ; elapsed = 00:00:06 . Memory (MB): peak = 2578.969 ; gain = 209.344 ; free physical = 16316 ; free virtual = 25029
---------------------------------------------------------------------------------
Synthesis finished with 0 errors, 0 critical warnings and 0 warnings.
Synthesis Optimization Runtime : Time (s): cpu = 00:00:05 ; elapsed = 00:00:06 . Memory (MB): peak = 2578.969 ; gain = 209.344 ; free physical = 16317 ; free virtual = 25029
Synthesis Optimization Complete : Time (s): cpu = 00:00:05 ; elapsed = 00:00:06 . Memory (MB): peak = 2578.977 ; gain = 209.344 ; free physical = 16317 ; free virtual = 25029
INFO: [Project 1-571] Translating synthesized netlist
Netlist sorting complete. Time (s): cpu = 00:00:00 ; elapsed = 00:00:00 . Memory (MB): peak = 2585.906 ; gain = 0.000 ; free physical = 16384 ; free virtual = 25096
INFO: [Project 1-570] Preparing netlist for logic optimization
INFO: [Opt 31-138] Pushed 0 inverter(s) to 0 load pin(s).
Netlist sorting complete. Time (s): cpu = 00:00:00 ; elapsed = 00:00:00 . Memory (MB): peak = 2725.559 ; gain = 0.000 ; free physical = 16267 ; free virtual = 24980
INFO: [Project 1-111] Unisim Transformation Summary:
No Unisim elements were transformed.

INFO: [Common 17-83] Releasing license: Synthesis
14 Infos, 1 Warnings, 0 Critical Warnings and 0 Errors encountered.
synth_design completed successfully
synth_design: Time (s): cpu = 00:00:09 ; elapsed = 00:00:07 . Memory (MB): peak = 2725.559 ; gain = 356.039 ; free physical = 16410 ; free virtual = 25122
INFO: [Timing 38-35] Done setting XDC timing constraints.
INFO: [Common 17-1381] The checkpoint '/home/therk/emb_sys_vivado/project_2/project_2.runs/UART2PWM_rx_mod_0_0_synth_1/UART2PWM_rx_mod_0_0.dcp' has been generated.
WARNING: [Common 17-576] 'use_project_ipc' is deprecated. This option is deprecated and no longer used.
INFO: [Common 17-1381] The checkpoint '/home/therk/emb_sys_vivado/project_2/project_2.runs/UART2PWM_rx_mod_0_0_synth_1/UART2PWM_rx_mod_0_0.dcp' has been generated.
INFO: [runtcl-4] Executing : report_utilization -file UART2PWM_rx_mod_0_0_utilization_synth.rpt -pb UART2PWM_rx_mod_0_0_utilization_synth.pb
INFO: [Common 17-206] Exiting Vivado at Thu Oct  3 08:47:07 2024...
