
*** Running vivado
    with args -log UART2PWM_counter_0_0.vds -m64 -product Vivado -mode batch -messageDb vivado.pb -notrace -source UART2PWM_counter_0_0.tcl


****** Vivado v2020.2 (64-bit)
  **** SW Build 3064766 on Wed Nov 18 09:12:47 MST 2020
  **** IP Build 3064653 on Wed Nov 18 14:17:31 MST 2020
    ** Copyright 1986-2020 Xilinx, Inc. All Rights Reserved.

source UART2PWM_counter_0_0.tcl -notrace
Command: synth_design -top UART2PWM_counter_0_0 -part xc7z020clg400-1 -mode out_of_context
Starting synth_design
WARNING: [IP_Flow 19-3571] IP 'UART2PWM_counter_0_0' is restricted:
* Module reference is stale and needs refreshing.
Attempting to get a license for feature 'Synthesis' and/or device 'xc7z020'
INFO: [Common 17-349] Got license for feature 'Synthesis' and/or device 'xc7z020'
INFO: [Synth 8-7079] Multithreading enabled for synth_design using a maximum of 4 processes.
INFO: [Synth 8-7078] Launching helper process for spawning children vivado processes
INFO: [Synth 8-7075] Helper process launched with PID 10113
---------------------------------------------------------------------------------
Starting Synthesize : Time (s): cpu = 00:00:02 ; elapsed = 00:00:02 . Memory (MB): peak = 2379.105 ; gain = 0.000 ; free physical = 18876 ; free virtual = 25815
---------------------------------------------------------------------------------
INFO: [Synth 8-6157] synthesizing module 'UART2PWM_counter_0_0' [/home/therk/emb_sys_vivado/blocks/UART2PWM/ip/UART2PWM_counter_0_0/synth/UART2PWM_counter_0_0.v:58]
INFO: [Synth 8-638] synthesizing module 'counter' [/home/therk/emb_sys_vivado/project_2/project_2.srcs/sources_1/imports/components/counter.vhd:10]
WARNING: [Synth 8-614] signal 'count_temp' is read in the process but is not in the sensitivity list [/home/therk/emb_sys_vivado/project_2/project_2.srcs/sources_1/imports/components/counter.vhd:14]
WARNING: [Synth 8-614] signal 'en' is read in the process but is not in the sensitivity list [/home/therk/emb_sys_vivado/project_2/project_2.srcs/sources_1/imports/components/counter.vhd:14]
INFO: [Synth 8-256] done synthesizing module 'counter' (1#1) [/home/therk/emb_sys_vivado/project_2/project_2.srcs/sources_1/imports/components/counter.vhd:10]
INFO: [Synth 8-6155] done synthesizing module 'UART2PWM_counter_0_0' (2#1) [/home/therk/emb_sys_vivado/blocks/UART2PWM/ip/UART2PWM_counter_0_0/synth/UART2PWM_counter_0_0.v:58]
---------------------------------------------------------------------------------
Finished Synthesize : Time (s): cpu = 00:00:03 ; elapsed = 00:00:03 . Memory (MB): peak = 2379.105 ; gain = 0.000 ; free physical = 20260 ; free virtual = 27208
---------------------------------------------------------------------------------
---------------------------------------------------------------------------------
Finished Constraint Validation : Time (s): cpu = 00:00:03 ; elapsed = 00:00:03 . Memory (MB): peak = 2384.789 ; gain = 5.684 ; free physical = 20328 ; free virtual = 27277
---------------------------------------------------------------------------------
---------------------------------------------------------------------------------
Start Loading Part and Timing Information
---------------------------------------------------------------------------------
Loading part: xc7z020clg400-1
---------------------------------------------------------------------------------
Finished Loading Part and Timing Information : Time (s): cpu = 00:00:03 ; elapsed = 00:00:03 . Memory (MB): peak = 2392.793 ; gain = 13.688 ; free physical = 20315 ; free virtual = 27263
---------------------------------------------------------------------------------
INFO: [Device 21-403] Loading part xc7z020clg400-1
---------------------------------------------------------------------------------
Finished RTL Optimization Phase 2 : Time (s): cpu = 00:00:03 ; elapsed = 00:00:03 . Memory (MB): peak = 2401.699 ; gain = 22.594 ; free physical = 20308 ; free virtual = 27261
---------------------------------------------------------------------------------
No constraint files found.
---------------------------------------------------------------------------------
Start RTL Component Statistics 
---------------------------------------------------------------------------------
Detailed RTL Component Info : 
---------------------------------------------------------------------------------
Finished RTL Component Statistics 
---------------------------------------------------------------------------------
---------------------------------------------------------------------------------
Start Part Resource Summary
---------------------------------------------------------------------------------
Part Resources:
DSPs: 220 (col length:60)
BRAMs: 280 (col length: RAMB18 60 RAMB36 30)
---------------------------------------------------------------------------------
Finished Part Resource Summary
---------------------------------------------------------------------------------
No constraint files found.
---------------------------------------------------------------------------------
Start Cross Boundary and Area Optimization
---------------------------------------------------------------------------------
---------------------------------------------------------------------------------
Finished Cross Boundary and Area Optimization : Time (s): cpu = 00:00:05 ; elapsed = 00:00:06 . Memory (MB): peak = 2563.418 ; gain = 184.312 ; free physical = 19901 ; free virtual = 26886
---------------------------------------------------------------------------------
No constraint files found.
---------------------------------------------------------------------------------
Start Timing Optimization
---------------------------------------------------------------------------------
---------------------------------------------------------------------------------
Finished Timing Optimization : Time (s): cpu = 00:00:05 ; elapsed = 00:00:06 . Memory (MB): peak = 2563.418 ; gain = 184.312 ; free physical = 19896 ; free virtual = 26880
---------------------------------------------------------------------------------
---------------------------------------------------------------------------------
Start Technology Mapping
---------------------------------------------------------------------------------
---------------------------------------------------------------------------------
Finished Technology Mapping : Time (s): cpu = 00:00:05 ; elapsed = 00:00:06 . Memory (MB): peak = 2571.426 ; gain = 192.320 ; free physical = 19898 ; free virtual = 26882
---------------------------------------------------------------------------------
---------------------------------------------------------------------------------
Start IO Insertion
---------------------------------------------------------------------------------
---------------------------------------------------------------------------------
Start Flattening Before IO Insertion
---------------------------------------------------------------------------------
---------------------------------------------------------------------------------
Finished Flattening Before IO Insertion
---------------------------------------------------------------------------------
---------------------------------------------------------------------------------
Start Final Netlist Cleanup
---------------------------------------------------------------------------------
---------------------------------------------------------------------------------
Finished Final Netlist Cleanup
---------------------------------------------------------------------------------
---------------------------------------------------------------------------------
Finished IO Insertion : Time (s): cpu = 00:00:07 ; elapsed = 00:00:07 . Memory (MB): peak = 2571.426 ; gain = 192.320 ; free physical = 19899 ; free virtual = 26883
---------------------------------------------------------------------------------
---------------------------------------------------------------------------------
Start Renaming Generated Instances
---------------------------------------------------------------------------------
---------------------------------------------------------------------------------
Finished Renaming Generated Instances : Time (s): cpu = 00:00:07 ; elapsed = 00:00:07 . Memory (MB): peak = 2571.426 ; gain = 192.320 ; free physical = 19899 ; free virtual = 26883
---------------------------------------------------------------------------------
---------------------------------------------------------------------------------
Start Rebuilding User Hierarchy
---------------------------------------------------------------------------------
---------------------------------------------------------------------------------
Finished Rebuilding User Hierarchy : Time (s): cpu = 00:00:07 ; elapsed = 00:00:07 . Memory (MB): peak = 2571.426 ; gain = 192.320 ; free physical = 19899 ; free virtual = 26883
---------------------------------------------------------------------------------
---------------------------------------------------------------------------------
Start Renaming Generated Ports
---------------------------------------------------------------------------------
---------------------------------------------------------------------------------
Finished Renaming Generated Ports : Time (s): cpu = 00:00:07 ; elapsed = 00:00:07 . Memory (MB): peak = 2571.426 ; gain = 192.320 ; free physical = 19899 ; free virtual = 26883
---------------------------------------------------------------------------------
---------------------------------------------------------------------------------
Start Handling Custom Attributes
---------------------------------------------------------------------------------
---------------------------------------------------------------------------------
Finished Handling Custom Attributes : Time (s): cpu = 00:00:07 ; elapsed = 00:00:07 . Memory (MB): peak = 2571.426 ; gain = 192.320 ; free physical = 19899 ; free virtual = 26883
---------------------------------------------------------------------------------
---------------------------------------------------------------------------------
Start Renaming Generated Nets
---------------------------------------------------------------------------------
---------------------------------------------------------------------------------
Finished Renaming Generated Nets : Time (s): cpu = 00:00:07 ; elapsed = 00:00:07 . Memory (MB): peak = 2571.426 ; gain = 192.320 ; free physical = 19899 ; free virtual = 26883
---------------------------------------------------------------------------------
---------------------------------------------------------------------------------
Start Writing Synthesis Report
---------------------------------------------------------------------------------

Report BlackBoxes: 
+-+--------------+----------+
| |BlackBox name |Instances |
+-+--------------+----------+
+-+--------------+----------+

Report Cell Usage: 
+------+-------+------+
|      |Cell   |Count |
+------+-------+------+
|1     |CARRY4 |    11|
|2     |LUT1   |     2|
|3     |LUT2   |    24|
|4     |FDCE   |    27|
+------+-------+------+

Report Instance Areas: 
+------+---------+--------+------+
|      |Instance |Module  |Cells |
+------+---------+--------+------+
|1     |top      |        |    64|
|2     |  inst   |counter |    64|
+------+---------+--------+------+
---------------------------------------------------------------------------------
Finished Writing Synthesis Report : Time (s): cpu = 00:00:07 ; elapsed = 00:00:07 . Memory (MB): peak = 2571.426 ; gain = 192.320 ; free physical = 19899 ; free virtual = 26883
---------------------------------------------------------------------------------
Synthesis finished with 0 errors, 0 critical warnings and 2 warnings.
Synthesis Optimization Runtime : Time (s): cpu = 00:00:07 ; elapsed = 00:00:07 . Memory (MB): peak = 2571.426 ; gain = 192.320 ; free physical = 19901 ; free virtual = 26885
Synthesis Optimization Complete : Time (s): cpu = 00:00:07 ; elapsed = 00:00:07 . Memory (MB): peak = 2571.434 ; gain = 192.320 ; free physical = 19901 ; free virtual = 26886
INFO: [Project 1-571] Translating synthesized netlist
Netlist sorting complete. Time (s): cpu = 00:00:00 ; elapsed = 00:00:00 . Memory (MB): peak = 2577.363 ; gain = 0.000 ; free physical = 20054 ; free virtual = 27042
INFO: [Netlist 29-17] Analyzing 11 Unisim elements for replacement
INFO: [Netlist 29-28] Unisim Transformation completed in 0 CPU seconds
INFO: [Project 1-570] Preparing netlist for logic optimization
INFO: [Opt 31-138] Pushed 0 inverter(s) to 0 load pin(s).
Netlist sorting complete. Time (s): cpu = 00:00:00.01 ; elapsed = 00:00:00 . Memory (MB): peak = 2654.051 ; gain = 0.000 ; free physical = 19871 ; free virtual = 26871
INFO: [Project 1-111] Unisim Transformation Summary:
No Unisim elements were transformed.

INFO: [Common 17-83] Releasing license: Synthesis
16 Infos, 3 Warnings, 0 Critical Warnings and 0 Errors encountered.
synth_design completed successfully
synth_design: Time (s): cpu = 00:00:11 ; elapsed = 00:00:09 . Memory (MB): peak = 2654.051 ; gain = 275.199 ; free physical = 20153 ; free virtual = 27153
INFO: [Timing 38-35] Done setting XDC timing constraints.
INFO: [Common 17-1381] The checkpoint '/home/therk/emb_sys_vivado/project_2/project_2.runs/UART2PWM_counter_0_0_synth_1/UART2PWM_counter_0_0.dcp' has been generated.
WARNING: [Common 17-576] 'use_project_ipc' is deprecated. This option is deprecated and no longer used.
INFO: [Common 17-1381] The checkpoint '/home/therk/emb_sys_vivado/project_2/project_2.runs/UART2PWM_counter_0_0_synth_1/UART2PWM_counter_0_0.dcp' has been generated.
INFO: [runtcl-4] Executing : report_utilization -file UART2PWM_counter_0_0_utilization_synth.rpt -pb UART2PWM_counter_0_0_utilization_synth.pb
INFO: [Common 17-206] Exiting Vivado at Fri Oct  4 12:23:44 2024...
