
*** Running vivado
    with args -log UART_to_PWM_LUT_0_0.vds -m64 -product Vivado -mode batch -messageDb vivado.pb -notrace -source UART_to_PWM_LUT_0_0.tcl


****** Vivado v2020.2 (64-bit)
  **** SW Build 3064766 on Wed Nov 18 09:12:47 MST 2020
  **** IP Build 3064653 on Wed Nov 18 14:17:31 MST 2020
    ** Copyright 1986-2020 Xilinx, Inc. All Rights Reserved.

source UART_to_PWM_LUT_0_0.tcl -notrace
Command: synth_design -top UART_to_PWM_LUT_0_0 -part xc7z020clg400-1 -mode out_of_context
Starting synth_design
WARNING: [IP_Flow 19-3571] IP 'UART_to_PWM_LUT_0_0' is restricted:
* Module reference is stale and needs refreshing.
Attempting to get a license for feature 'Synthesis' and/or device 'xc7z020'
INFO: [Common 17-349] Got license for feature 'Synthesis' and/or device 'xc7z020'
INFO: [Synth 8-7079] Multithreading enabled for synth_design using a maximum of 4 processes.
INFO: [Synth 8-7078] Launching helper process for spawning children vivado processes
INFO: [Synth 8-7075] Helper process launched with PID 118068
---------------------------------------------------------------------------------
Starting Synthesize : Time (s): cpu = 00:00:03 ; elapsed = 00:00:04 . Memory (MB): peak = 2364.656 ; gain = 0.000 ; free physical = 14473 ; free virtual = 22815
---------------------------------------------------------------------------------
INFO: [Synth 8-6157] synthesizing module 'UART_to_PWM_LUT_0_0' [/home/therk/emb_sys_vivado/project_2/project_2.gen/sources_1/bd/UART_to_PWM/ip/UART_to_PWM_LUT_0_0/synth/UART_to_PWM_LUT_0_0.v:58]
INFO: [Synth 8-638] synthesizing module 'LUT' [/home/therk/emb_sys_vivado/project_2/project_2.srcs/sources_1/imports/new/LUT.vhd:39]
INFO: [Synth 8-226] default block is never used [/home/therk/emb_sys_vivado/project_2/project_2.srcs/sources_1/imports/new/LUT.vhd:44]
INFO: [Synth 8-256] done synthesizing module 'LUT' (1#1) [/home/therk/emb_sys_vivado/project_2/project_2.srcs/sources_1/imports/new/LUT.vhd:39]
INFO: [Synth 8-6155] done synthesizing module 'UART_to_PWM_LUT_0_0' (2#1) [/home/therk/emb_sys_vivado/project_2/project_2.gen/sources_1/bd/UART_to_PWM/ip/UART_to_PWM_LUT_0_0/synth/UART_to_PWM_LUT_0_0.v:58]
---------------------------------------------------------------------------------
Finished Synthesize : Time (s): cpu = 00:00:04 ; elapsed = 00:00:05 . Memory (MB): peak = 2364.656 ; gain = 0.000 ; free physical = 13853 ; free virtual = 22212
---------------------------------------------------------------------------------
---------------------------------------------------------------------------------
Finished Constraint Validation : Time (s): cpu = 00:00:04 ; elapsed = 00:00:05 . Memory (MB): peak = 2364.656 ; gain = 0.000 ; free physical = 13154 ; free virtual = 21535
---------------------------------------------------------------------------------
---------------------------------------------------------------------------------
Start Loading Part and Timing Information
---------------------------------------------------------------------------------
Loading part: xc7z020clg400-1
---------------------------------------------------------------------------------
Finished Loading Part and Timing Information : Time (s): cpu = 00:00:04 ; elapsed = 00:00:05 . Memory (MB): peak = 2372.555 ; gain = 7.898 ; free physical = 13146 ; free virtual = 21527
---------------------------------------------------------------------------------
INFO: [Device 21-403] Loading part xc7z020clg400-1
---------------------------------------------------------------------------------
Finished RTL Optimization Phase 2 : Time (s): cpu = 00:00:04 ; elapsed = 00:00:05 . Memory (MB): peak = 2372.555 ; gain = 7.898 ; free physical = 12966 ; free virtual = 21350
---------------------------------------------------------------------------------
No constraint files found.
---------------------------------------------------------------------------------
Start RTL Component Statistics 
---------------------------------------------------------------------------------
Detailed RTL Component Info : 
---------------------------------------------------------------------------------
Finished RTL Component Statistics 
---------------------------------------------------------------------------------
---------------------------------------------------------------------------------
Start Part Resource Summary
---------------------------------------------------------------------------------
Part Resources:
DSPs: 220 (col length:60)
BRAMs: 280 (col length: RAMB18 60 RAMB36 30)
---------------------------------------------------------------------------------
Finished Part Resource Summary
---------------------------------------------------------------------------------
No constraint files found.
---------------------------------------------------------------------------------
Start Cross Boundary and Area Optimization
---------------------------------------------------------------------------------
---------------------------------------------------------------------------------
Finished Cross Boundary and Area Optimization : Time (s): cpu = 00:00:08 ; elapsed = 00:00:09 . Memory (MB): peak = 2372.555 ; gain = 7.898 ; free physical = 14448 ; free virtual = 22856
---------------------------------------------------------------------------------
No constraint files found.
---------------------------------------------------------------------------------
Start Timing Optimization
---------------------------------------------------------------------------------
---------------------------------------------------------------------------------
Finished Timing Optimization : Time (s): cpu = 00:00:08 ; elapsed = 00:00:09 . Memory (MB): peak = 2372.555 ; gain = 7.898 ; free physical = 14432 ; free virtual = 22841
---------------------------------------------------------------------------------
---------------------------------------------------------------------------------
Start Technology Mapping
---------------------------------------------------------------------------------
---------------------------------------------------------------------------------
Finished Technology Mapping : Time (s): cpu = 00:00:08 ; elapsed = 00:00:09 . Memory (MB): peak = 2372.555 ; gain = 7.898 ; free physical = 14432 ; free virtual = 22841
---------------------------------------------------------------------------------
---------------------------------------------------------------------------------
Start IO Insertion
---------------------------------------------------------------------------------
---------------------------------------------------------------------------------
Start Flattening Before IO Insertion
---------------------------------------------------------------------------------
---------------------------------------------------------------------------------
Finished Flattening Before IO Insertion
---------------------------------------------------------------------------------
---------------------------------------------------------------------------------
Start Final Netlist Cleanup
---------------------------------------------------------------------------------
---------------------------------------------------------------------------------
Finished Final Netlist Cleanup
---------------------------------------------------------------------------------
---------------------------------------------------------------------------------
Finished IO Insertion : Time (s): cpu = 00:00:10 ; elapsed = 00:00:11 . Memory (MB): peak = 2372.555 ; gain = 7.898 ; free physical = 14549 ; free virtual = 23068
---------------------------------------------------------------------------------
---------------------------------------------------------------------------------
Start Renaming Generated Instances
---------------------------------------------------------------------------------
---------------------------------------------------------------------------------
Finished Renaming Generated Instances : Time (s): cpu = 00:00:10 ; elapsed = 00:00:11 . Memory (MB): peak = 2372.555 ; gain = 7.898 ; free physical = 14549 ; free virtual = 23068
---------------------------------------------------------------------------------
---------------------------------------------------------------------------------
Start Rebuilding User Hierarchy
---------------------------------------------------------------------------------
---------------------------------------------------------------------------------
Finished Rebuilding User Hierarchy : Time (s): cpu = 00:00:10 ; elapsed = 00:00:11 . Memory (MB): peak = 2372.555 ; gain = 7.898 ; free physical = 14556 ; free virtual = 23076
---------------------------------------------------------------------------------
---------------------------------------------------------------------------------
Start Renaming Generated Ports
---------------------------------------------------------------------------------
---------------------------------------------------------------------------------
Finished Renaming Generated Ports : Time (s): cpu = 00:00:10 ; elapsed = 00:00:11 . Memory (MB): peak = 2372.555 ; gain = 7.898 ; free physical = 14570 ; free virtual = 23090
---------------------------------------------------------------------------------
---------------------------------------------------------------------------------
Start Handling Custom Attributes
---------------------------------------------------------------------------------
---------------------------------------------------------------------------------
Finished Handling Custom Attributes : Time (s): cpu = 00:00:10 ; elapsed = 00:00:11 . Memory (MB): peak = 2372.555 ; gain = 7.898 ; free physical = 14578 ; free virtual = 23097
---------------------------------------------------------------------------------
---------------------------------------------------------------------------------
Start Renaming Generated Nets
---------------------------------------------------------------------------------
---------------------------------------------------------------------------------
Finished Renaming Generated Nets : Time (s): cpu = 00:00:10 ; elapsed = 00:00:11 . Memory (MB): peak = 2372.555 ; gain = 7.898 ; free physical = 14578 ; free virtual = 23097
---------------------------------------------------------------------------------
---------------------------------------------------------------------------------
Start Writing Synthesis Report
---------------------------------------------------------------------------------

Report BlackBoxes: 
+-+--------------+----------+
| |BlackBox name |Instances |
+-+--------------+----------+
+-+--------------+----------+

Report Cell Usage: 
+------+-----+------+
|      |Cell |Count |
+------+-----+------+
|1     |LUT2 |     1|
|2     |LUT3 |     2|
|3     |LUT4 |    16|
+------+-----+------+

Report Instance Areas: 
+------+---------+-------+------+
|      |Instance |Module |Cells |
+------+---------+-------+------+
|1     |top      |       |    19|
|2     |  inst   |LUT    |    19|
+------+---------+-------+------+
---------------------------------------------------------------------------------
Finished Writing Synthesis Report : Time (s): cpu = 00:00:10 ; elapsed = 00:00:11 . Memory (MB): peak = 2372.555 ; gain = 7.898 ; free physical = 14578 ; free virtual = 23097
---------------------------------------------------------------------------------
Synthesis finished with 0 errors, 0 critical warnings and 0 warnings.
Synthesis Optimization Runtime : Time (s): cpu = 00:00:10 ; elapsed = 00:00:11 . Memory (MB): peak = 2372.555 ; gain = 7.898 ; free physical = 14574 ; free virtual = 23093
Synthesis Optimization Complete : Time (s): cpu = 00:00:10 ; elapsed = 00:00:11 . Memory (MB): peak = 2372.562 ; gain = 7.898 ; free physical = 14573 ; free virtual = 23092
INFO: [Project 1-571] Translating synthesized netlist
Netlist sorting complete. Time (s): cpu = 00:00:00 ; elapsed = 00:00:00 . Memory (MB): peak = 2372.562 ; gain = 0.000 ; free physical = 14830 ; free virtual = 23306
INFO: [Project 1-570] Preparing netlist for logic optimization
INFO: [Opt 31-138] Pushed 0 inverter(s) to 0 load pin(s).
Netlist sorting complete. Time (s): cpu = 00:00:00 ; elapsed = 00:00:00 . Memory (MB): peak = 2428.582 ; gain = 0.000 ; free physical = 14919 ; free virtual = 23374
INFO: [Project 1-111] Unisim Transformation Summary:
No Unisim elements were transformed.

INFO: [Common 17-83] Releasing license: Synthesis
15 Infos, 1 Warnings, 0 Critical Warnings and 0 Errors encountered.
synth_design completed successfully
synth_design: Time (s): cpu = 00:00:17 ; elapsed = 00:00:12 . Memory (MB): peak = 2428.582 ; gain = 64.031 ; free physical = 15189 ; free virtual = 23645
INFO: [Timing 38-35] Done setting XDC timing constraints.
INFO: [Common 17-1381] The checkpoint '/home/therk/emb_sys_vivado/project_2/project_2.runs/UART_to_PWM_LUT_0_0_synth_1/UART_to_PWM_LUT_0_0.dcp' has been generated.
write_checkpoint: Time (s): cpu = 00:00:05 ; elapsed = 00:00:05 . Memory (MB): peak = 2793.598 ; gain = 365.016 ; free physical = 12791 ; free virtual = 21362
WARNING: [Common 17-576] 'use_project_ipc' is deprecated. This option is deprecated and no longer used.
INFO: [Common 17-1381] The checkpoint '/home/therk/emb_sys_vivado/project_2/project_2.runs/UART_to_PWM_LUT_0_0_synth_1/UART_to_PWM_LUT_0_0.dcp' has been generated.
INFO: [runtcl-4] Executing : report_utilization -file UART_to_PWM_LUT_0_0_utilization_synth.rpt -pb UART_to_PWM_LUT_0_0_utilization_synth.pb
INFO: [Common 17-206] Exiting Vivado at Tue Sep 24 14:52:58 2024...
