
*** Running vivado
    with args -log UART2PWM_wrapper.vdi -applog -m64 -product Vivado -messageDb vivado.pb -mode batch -source UART2PWM_wrapper.tcl -notrace


****** Vivado v2020.2 (64-bit)
  **** SW Build 3064766 on Wed Nov 18 09:12:47 MST 2020
  **** IP Build 3064653 on Wed Nov 18 14:17:31 MST 2020
    ** Copyright 1986-2020 Xilinx, Inc. All Rights Reserved.

source UART2PWM_wrapper.tcl -notrace
INFO: [IP_Flow 19-234] Refreshing IP repositories
INFO: [IP_Flow 19-1704] No user IP repositories specified
INFO: [IP_Flow 19-2313] Loaded Vivado IP repository '/tools/Xilinx/Vivado/2020.2/data/ip'.
Command: link_design -top UART2PWM_wrapper -part xc7z020clg400-1
Design is defaulting to srcset: sources_1
Design is defaulting to constrset: constrs_1
INFO: [Device 21-403] Loading part xc7z020clg400-1
INFO: [Project 1-454] Reading design checkpoint '/home/therk/emb_sys_vivado/blocks/UART2PWM/ip/UART2PWM_LUT_0_0/UART2PWM_LUT_0_0.dcp' for cell 'UART2PWM_i/LUT_0'
INFO: [Project 1-454] Reading design checkpoint '/home/therk/emb_sys_vivado/blocks/UART2PWM/ip/UART2PWM_comparator_0_0/UART2PWM_comparator_0_0.dcp' for cell 'UART2PWM_i/PWM/comparator_0'
INFO: [Project 1-454] Reading design checkpoint '/home/therk/emb_sys_vivado/blocks/UART2PWM/ip/UART2PWM_counter_0_0/UART2PWM_counter_0_0.dcp' for cell 'UART2PWM_i/PWM/counter_0'
INFO: [Project 1-454] Reading design checkpoint '/home/therk/emb_sys_vivado/blocks/UART2PWM/ip/UART2PWM_clk_divider_0_0/UART2PWM_clk_divider_0_0.dcp' for cell 'UART2PWM_i/UART/clk_divider_0'
INFO: [Project 1-454] Reading design checkpoint '/home/therk/emb_sys_vivado/blocks/UART2PWM/ip/UART2PWM_rx_mod_0_0/UART2PWM_rx_mod_0_0.dcp' for cell 'UART2PWM_i/UART/rx_mod_0'
INFO: [Project 1-454] Reading design checkpoint '/home/therk/emb_sys_vivado/blocks/UART2PWM/ip/UART2PWM_xl_slice_0_0/UART2PWM_xl_slice_0_0.dcp' for cell 'UART2PWM_i/UART/xl_slice_0'
Netlist sorting complete. Time (s): cpu = 00:00:00.01 ; elapsed = 00:00:00 . Memory (MB): peak = 2500.578 ; gain = 0.000 ; free physical = 17387 ; free virtual = 26753
INFO: [Netlist 29-17] Analyzing 11 Unisim elements for replacement
INFO: [Netlist 29-28] Unisim Transformation completed in 0 CPU seconds
INFO: [Project 1-479] Netlist was created with Vivado 2020.2
INFO: [Project 1-570] Preparing netlist for logic optimization
Parsing XDC File [/home/therk/emb_sys_vivado/project_2/project_2.srcs/constrs_1/imports/constraints/PYNQ-Z2 v1.0.xdc]
Finished Parsing XDC File [/home/therk/emb_sys_vivado/project_2/project_2.srcs/constrs_1/imports/constraints/PYNQ-Z2 v1.0.xdc]
INFO: [Opt 31-138] Pushed 0 inverter(s) to 0 load pin(s).
Netlist sorting complete. Time (s): cpu = 00:00:00 ; elapsed = 00:00:00 . Memory (MB): peak = 2539.984 ; gain = 0.000 ; free physical = 17295 ; free virtual = 26662
INFO: [Project 1-111] Unisim Transformation Summary:
No Unisim elements were transformed.

16 Infos, 0 Warnings, 0 Critical Warnings and 0 Errors encountered.
link_design completed successfully
Command: opt_design
Attempting to get a license for feature 'Implementation' and/or device 'xc7z020'
INFO: [Common 17-349] Got license for feature 'Implementation' and/or device 'xc7z020'
Running DRC as a precondition to command opt_design

Starting DRC Task
INFO: [DRC 23-27] Running DRC with 8 threads
INFO: [Project 1-461] DRC finished with 0 Errors
INFO: [Project 1-462] Please refer to the DRC report (report_drc) for more information.

Time (s): cpu = 00:00:00.82 ; elapsed = 00:00:00.58 . Memory (MB): peak = 2693.234 ; gain = 153.250 ; free physical = 17281 ; free virtual = 26648

Starting Cache Timing Information Task
INFO: [Timing 38-35] Done setting XDC timing constraints.
Ending Cache Timing Information Task | Checksum: 17dfe676e

Time (s): cpu = 00:00:03 ; elapsed = 00:00:03 . Memory (MB): peak = 3074.234 ; gain = 381.000 ; free physical = 16907 ; free virtual = 26274

Starting Logic Optimization Task

Phase 1 Retarget
INFO: [Opt 31-138] Pushed 0 inverter(s) to 0 load pin(s).
INFO: [Opt 31-49] Retargeted 0 cell(s).
Phase 1 Retarget | Checksum: d207ac36

Time (s): cpu = 00:00:00.01 ; elapsed = 00:00:00.01 . Memory (MB): peak = 3253.172 ; gain = 0.000 ; free physical = 16736 ; free virtual = 26103
INFO: [Opt 31-389] Phase Retarget created 4 cells and removed 4 cells

Phase 2 Constant propagation
INFO: [Opt 31-138] Pushed 0 inverter(s) to 0 load pin(s).
Phase 2 Constant propagation | Checksum: cb8ffd1a

Time (s): cpu = 00:00:00.01 ; elapsed = 00:00:00.01 . Memory (MB): peak = 3253.172 ; gain = 0.000 ; free physical = 16736 ; free virtual = 26103
INFO: [Opt 31-389] Phase Constant propagation created 0 cells and removed 4 cells

Phase 3 Sweep
Phase 3 Sweep | Checksum: dc71f5cd

Time (s): cpu = 00:00:00.01 ; elapsed = 00:00:00.01 . Memory (MB): peak = 3253.172 ; gain = 0.000 ; free physical = 16736 ; free virtual = 26103
INFO: [Opt 31-389] Phase Sweep created 0 cells and removed 2 cells

Phase 4 BUFG optimization
INFO: [Opt 31-194] Inserted BUFG clk_0_IBUF_BUFG_inst to drive 36 load(s) on clock net clk_0_IBUF_BUFG
INFO: [Opt 31-193] Inserted 1 BUFG(s) on clock nets
Phase 4 BUFG optimization | Checksum: 1b16d2a4a

Time (s): cpu = 00:00:00.02 ; elapsed = 00:00:00.01 . Memory (MB): peak = 3253.172 ; gain = 0.000 ; free physical = 16736 ; free virtual = 26103
INFO: [Opt 31-662] Phase BUFG optimization created 1 cells of which 1 are BUFGs and removed 0 cells.

Phase 5 Shift Register Optimization
INFO: [Opt 31-1064] SRL Remap converted 0 SRLs to 0 registers and converted 0 registers of register chains to 0 SRLs
Phase 5 Shift Register Optimization | Checksum: 1b16d2a4a

Time (s): cpu = 00:00:00.02 ; elapsed = 00:00:00.01 . Memory (MB): peak = 3253.172 ; gain = 0.000 ; free physical = 16736 ; free virtual = 26103
INFO: [Opt 31-389] Phase Shift Register Optimization created 0 cells and removed 0 cells

Phase 6 Post Processing Netlist
Phase 6 Post Processing Netlist | Checksum: 1b16d2a4a

Time (s): cpu = 00:00:00.02 ; elapsed = 00:00:00.02 . Memory (MB): peak = 3253.172 ; gain = 0.000 ; free physical = 16736 ; free virtual = 26103
INFO: [Opt 31-389] Phase Post Processing Netlist created 0 cells and removed 0 cells
Opt_design Change Summary
=========================


-------------------------------------------------------------------------------------------------------------------------
|  Phase                        |  #Cells created  |  #Cells Removed  |  #Constrained objects preventing optimizations  |
-------------------------------------------------------------------------------------------------------------------------
|  Retarget                     |               4  |               4  |                                              0  |
|  Constant propagation         |               0  |               4  |                                              0  |
|  Sweep                        |               0  |               2  |                                              0  |
|  BUFG optimization            |               1  |               0  |                                              0  |
|  Shift Register Optimization  |               0  |               0  |                                              0  |
|  Post Processing Netlist      |               0  |               0  |                                              0  |
-------------------------------------------------------------------------------------------------------------------------



Starting Connectivity Check Task

Time (s): cpu = 00:00:00.01 ; elapsed = 00:00:00 . Memory (MB): peak = 3253.172 ; gain = 0.000 ; free physical = 16736 ; free virtual = 26103
Ending Logic Optimization Task | Checksum: bb879bcc

Time (s): cpu = 00:00:00.03 ; elapsed = 00:00:00.02 . Memory (MB): peak = 3253.172 ; gain = 0.000 ; free physical = 16736 ; free virtual = 26103

Starting Power Optimization Task
INFO: [Pwropt 34-132] Skipping clock gating for clocks with a period < 2.00 ns.
Ending Power Optimization Task | Checksum: bb879bcc

Time (s): cpu = 00:00:00.04 ; elapsed = 00:00:00 . Memory (MB): peak = 3253.172 ; gain = 0.000 ; free physical = 16735 ; free virtual = 26102

Starting Final Cleanup Task
Ending Final Cleanup Task | Checksum: bb879bcc

Time (s): cpu = 00:00:00 ; elapsed = 00:00:00 . Memory (MB): peak = 3253.172 ; gain = 0.000 ; free physical = 16735 ; free virtual = 26102

Starting Netlist Obfuscation Task
Netlist sorting complete. Time (s): cpu = 00:00:00 ; elapsed = 00:00:00 . Memory (MB): peak = 3253.172 ; gain = 0.000 ; free physical = 16735 ; free virtual = 26102
Ending Netlist Obfuscation Task | Checksum: bb879bcc

Time (s): cpu = 00:00:00 ; elapsed = 00:00:00 . Memory (MB): peak = 3253.172 ; gain = 0.000 ; free physical = 16735 ; free virtual = 26102
INFO: [Common 17-83] Releasing license: Implementation
35 Infos, 0 Warnings, 0 Critical Warnings and 0 Errors encountered.
opt_design completed successfully
INFO: [Timing 38-480] Writing timing data to binary archive.
Writing placer database...
Writing XDEF routing.
Writing XDEF routing logical nets.
Writing XDEF routing special nets.
Write XDEF Complete: Time (s): cpu = 00:00:00.03 ; elapsed = 00:00:00.01 . Memory (MB): peak = 3293.191 ; gain = 0.000 ; free physical = 16733 ; free virtual = 26101
INFO: [Common 17-1381] The checkpoint '/home/therk/emb_sys_vivado/project_2/project_2.runs/impl_1/UART2PWM_wrapper_opt.dcp' has been generated.
INFO: [runtcl-4] Executing : report_drc -file UART2PWM_wrapper_drc_opted.rpt -pb UART2PWM_wrapper_drc_opted.pb -rpx UART2PWM_wrapper_drc_opted.rpx
Command: report_drc -file UART2PWM_wrapper_drc_opted.rpt -pb UART2PWM_wrapper_drc_opted.pb -rpx UART2PWM_wrapper_drc_opted.rpx
INFO: [IP_Flow 19-1839] IP Catalog is up to date.
INFO: [Timing 38-35] Done setting XDC timing constraints.
INFO: [DRC 23-27] Running DRC with 8 threads
INFO: [Coretcl 2-168] The results of DRC are in file /home/therk/emb_sys_vivado/project_2/project_2.runs/impl_1/UART2PWM_wrapper_drc_opted.rpt.
report_drc completed successfully
Command: place_design
Attempting to get a license for feature 'Implementation' and/or device 'xc7z020'
INFO: [Common 17-349] Got license for feature 'Implementation' and/or device 'xc7z020'
INFO: [DRC 23-27] Running DRC with 8 threads
INFO: [Vivado_Tcl 4-198] DRC finished with 0 Errors
INFO: [Vivado_Tcl 4-199] Please refer to the DRC report (report_drc) for more information.
Running DRC as a precondition to command place_design
INFO: [DRC 23-27] Running DRC with 8 threads
INFO: [Vivado_Tcl 4-198] DRC finished with 0 Errors
INFO: [Vivado_Tcl 4-199] Please refer to the DRC report (report_drc) for more information.

Starting Placer Task
INFO: [Place 30-611] Multithreading enabled for place_design using a maximum of 8 CPUs

Phase 1 Placer Initialization

Phase 1.1 Placer Initialization Netlist Sorting
Netlist sorting complete. Time (s): cpu = 00:00:00 ; elapsed = 00:00:00 . Memory (MB): peak = 3459.176 ; gain = 0.000 ; free physical = 16671 ; free virtual = 26039
Phase 1.1 Placer Initialization Netlist Sorting | Checksum: a074679e

Time (s): cpu = 00:00:00 ; elapsed = 00:00:00.03 . Memory (MB): peak = 3459.176 ; gain = 0.000 ; free physical = 16671 ; free virtual = 26039
Netlist sorting complete. Time (s): cpu = 00:00:00.01 ; elapsed = 00:00:00 . Memory (MB): peak = 3459.176 ; gain = 0.000 ; free physical = 16671 ; free virtual = 26039

Phase 1.2 IO Placement/ Clock Placement/ Build Placer Device
Phase 1.2 IO Placement/ Clock Placement/ Build Placer Device | Checksum: 14175f1fb

Time (s): cpu = 00:00:00.49 ; elapsed = 00:00:00.37 . Memory (MB): peak = 3459.176 ; gain = 0.000 ; free physical = 16703 ; free virtual = 26071

Phase 1.3 Build Placer Netlist Model
Phase 1.3 Build Placer Netlist Model | Checksum: 14563903e

Time (s): cpu = 00:00:00.57 ; elapsed = 00:00:00.37 . Memory (MB): peak = 3459.176 ; gain = 0.000 ; free physical = 16703 ; free virtual = 26071

Phase 1.4 Constrain Clocks/Macros
Phase 1.4 Constrain Clocks/Macros | Checksum: 14563903e

Time (s): cpu = 00:00:00.57 ; elapsed = 00:00:00.38 . Memory (MB): peak = 3459.176 ; gain = 0.000 ; free physical = 16703 ; free virtual = 26071
Phase 1 Placer Initialization | Checksum: 14563903e

Time (s): cpu = 00:00:00.57 ; elapsed = 00:00:00.38 . Memory (MB): peak = 3459.176 ; gain = 0.000 ; free physical = 16703 ; free virtual = 26071

Phase 2 Global Placement

Phase 2.1 Floorplanning
Phase 2.1 Floorplanning | Checksum: 14563903e

Time (s): cpu = 00:00:00.57 ; elapsed = 00:00:00.38 . Memory (MB): peak = 3459.176 ; gain = 0.000 ; free physical = 16703 ; free virtual = 26071

Phase 2.2 Update Timing before SLR Path Opt
Phase 2.2 Update Timing before SLR Path Opt | Checksum: 14563903e

Time (s): cpu = 00:00:00.57 ; elapsed = 00:00:00.38 . Memory (MB): peak = 3459.176 ; gain = 0.000 ; free physical = 16703 ; free virtual = 26071

Phase 2.3 Global Placement Core
WARNING: [Place 46-29] place_design is not in timing mode. Skip physical synthesis in placer
Phase 2.3 Global Placement Core | Checksum: 1c5887cc6

Time (s): cpu = 00:00:02 ; elapsed = 00:00:00.54 . Memory (MB): peak = 3467.180 ; gain = 8.004 ; free physical = 16668 ; free virtual = 26035
Phase 2 Global Placement | Checksum: 1c5887cc6

Time (s): cpu = 00:00:02 ; elapsed = 00:00:00.54 . Memory (MB): peak = 3467.180 ; gain = 8.004 ; free physical = 16668 ; free virtual = 26035

Phase 3 Detail Placement

Phase 3.1 Commit Multi Column Macros
Phase 3.1 Commit Multi Column Macros | Checksum: 1c5887cc6

Time (s): cpu = 00:00:02 ; elapsed = 00:00:00.54 . Memory (MB): peak = 3467.180 ; gain = 8.004 ; free physical = 16668 ; free virtual = 26035

Phase 3.2 Commit Most Macros & LUTRAMs
Phase 3.2 Commit Most Macros & LUTRAMs | Checksum: 190f497ae

Time (s): cpu = 00:00:02 ; elapsed = 00:00:00.54 . Memory (MB): peak = 3467.180 ; gain = 8.004 ; free physical = 16668 ; free virtual = 26035

Phase 3.3 Area Swap Optimization
Phase 3.3 Area Swap Optimization | Checksum: 14891a24b

Time (s): cpu = 00:00:02 ; elapsed = 00:00:00.55 . Memory (MB): peak = 3467.180 ; gain = 8.004 ; free physical = 16668 ; free virtual = 26035

Phase 3.4 Pipeline Register Optimization
Phase 3.4 Pipeline Register Optimization | Checksum: 14891a24b

Time (s): cpu = 00:00:02 ; elapsed = 00:00:00.55 . Memory (MB): peak = 3467.180 ; gain = 8.004 ; free physical = 16668 ; free virtual = 26035

Phase 3.5 Small Shape Detail Placement
Phase 3.5 Small Shape Detail Placement | Checksum: 12ae8fded

Time (s): cpu = 00:00:02 ; elapsed = 00:00:00.60 . Memory (MB): peak = 3467.180 ; gain = 8.004 ; free physical = 16667 ; free virtual = 26035

Phase 3.6 Re-assign LUT pins
Phase 3.6 Re-assign LUT pins | Checksum: 12ae8fded

Time (s): cpu = 00:00:02 ; elapsed = 00:00:00.60 . Memory (MB): peak = 3467.180 ; gain = 8.004 ; free physical = 16667 ; free virtual = 26035

Phase 3.7 Pipeline Register Optimization
Phase 3.7 Pipeline Register Optimization | Checksum: 12ae8fded

Time (s): cpu = 00:00:02 ; elapsed = 00:00:00.60 . Memory (MB): peak = 3467.180 ; gain = 8.004 ; free physical = 16667 ; free virtual = 26035
Phase 3 Detail Placement | Checksum: 12ae8fded

Time (s): cpu = 00:00:02 ; elapsed = 00:00:00.60 . Memory (MB): peak = 3467.180 ; gain = 8.004 ; free physical = 16667 ; free virtual = 26035

Phase 4 Post Placement Optimization and Clean-Up

Phase 4.1 Post Commit Optimization
Phase 4.1 Post Commit Optimization | Checksum: 12ae8fded

Time (s): cpu = 00:00:02 ; elapsed = 00:00:00.60 . Memory (MB): peak = 3467.180 ; gain = 8.004 ; free physical = 16667 ; free virtual = 26035

Phase 4.2 Post Placement Cleanup
Phase 4.2 Post Placement Cleanup | Checksum: 12ae8fded

Time (s): cpu = 00:00:02 ; elapsed = 00:00:00.61 . Memory (MB): peak = 3467.180 ; gain = 8.004 ; free physical = 16669 ; free virtual = 26036

Phase 4.3 Placer Reporting

Phase 4.3.1 Print Estimated Congestion
INFO: [Place 30-612] Post-Placement Estimated Congestion 
 ____________________________________________________
|           | Global Congestion | Short Congestion  |
| Direction | Region Size       | Region Size       |
|___________|___________________|___________________|
|      North|                1x1|                1x1|
|___________|___________________|___________________|
|      South|                1x1|                1x1|
|___________|___________________|___________________|
|       East|                1x1|                1x1|
|___________|___________________|___________________|
|       West|                1x1|                1x1|
|___________|___________________|___________________|

Phase 4.3.1 Print Estimated Congestion | Checksum: 12ae8fded

Time (s): cpu = 00:00:02 ; elapsed = 00:00:00.61 . Memory (MB): peak = 3467.180 ; gain = 8.004 ; free physical = 16669 ; free virtual = 26036
Phase 4.3 Placer Reporting | Checksum: 12ae8fded

Time (s): cpu = 00:00:02 ; elapsed = 00:00:00.61 . Memory (MB): peak = 3467.180 ; gain = 8.004 ; free physical = 16669 ; free virtual = 26036

Phase 4.4 Final Placement Cleanup
Netlist sorting complete. Time (s): cpu = 00:00:00 ; elapsed = 00:00:00 . Memory (MB): peak = 3467.180 ; gain = 0.000 ; free physical = 16669 ; free virtual = 26036

Time (s): cpu = 00:00:02 ; elapsed = 00:00:00.61 . Memory (MB): peak = 3467.180 ; gain = 8.004 ; free physical = 16669 ; free virtual = 26036
Phase 4 Post Placement Optimization and Clean-Up | Checksum: 1be2e0579

Time (s): cpu = 00:00:02 ; elapsed = 00:00:00.61 . Memory (MB): peak = 3467.180 ; gain = 8.004 ; free physical = 16669 ; free virtual = 26036
Ending Placer Task | Checksum: 1745a01a7

Time (s): cpu = 00:00:02 ; elapsed = 00:00:00.61 . Memory (MB): peak = 3467.180 ; gain = 8.004 ; free physical = 16669 ; free virtual = 26036
INFO: [Common 17-83] Releasing license: Implementation
52 Infos, 1 Warnings, 0 Critical Warnings and 0 Errors encountered.
place_design completed successfully
INFO: [Timing 38-480] Writing timing data to binary archive.
Writing placer database...
Writing XDEF routing.
Writing XDEF routing logical nets.
Writing XDEF routing special nets.
Write XDEF Complete: Time (s): cpu = 00:00:00.07 ; elapsed = 00:00:00.02 . Memory (MB): peak = 3467.180 ; gain = 0.000 ; free physical = 16692 ; free virtual = 26061
INFO: [Common 17-1381] The checkpoint '/home/therk/emb_sys_vivado/project_2/project_2.runs/impl_1/UART2PWM_wrapper_placed.dcp' has been generated.
INFO: [runtcl-4] Executing : report_io -file UART2PWM_wrapper_io_placed.rpt
report_io: Time (s): cpu = 00:00:00.04 ; elapsed = 00:00:00.08 . Memory (MB): peak = 3467.180 ; gain = 0.000 ; free physical = 16681 ; free virtual = 26049
INFO: [runtcl-4] Executing : report_utilization -file UART2PWM_wrapper_utilization_placed.rpt -pb UART2PWM_wrapper_utilization_placed.pb
INFO: [runtcl-4] Executing : report_control_sets -verbose -file UART2PWM_wrapper_control_sets_placed.rpt
report_control_sets: Time (s): cpu = 00:00:00.03 ; elapsed = 00:00:00.06 . Memory (MB): peak = 3467.180 ; gain = 0.000 ; free physical = 16686 ; free virtual = 26054
Command: phys_opt_design
Attempting to get a license for feature 'Implementation' and/or device 'xc7z020'
INFO: [Common 17-349] Got license for feature 'Implementation' and/or device 'xc7z020'
INFO: [Vivado_Tcl 4-235] No timing constraint found. The netlist was not modified.
INFO: [Common 17-83] Releasing license: Implementation
60 Infos, 1 Warnings, 0 Critical Warnings and 0 Errors encountered.
phys_opt_design completed successfully
INFO: [Timing 38-480] Writing timing data to binary archive.
Writing placer database...
Writing XDEF routing.
Writing XDEF routing logical nets.
Writing XDEF routing special nets.
Write XDEF Complete: Time (s): cpu = 00:00:00.02 ; elapsed = 00:00:00.01 . Memory (MB): peak = 3467.180 ; gain = 0.000 ; free physical = 16655 ; free virtual = 26024
INFO: [Common 17-1381] The checkpoint '/home/therk/emb_sys_vivado/project_2/project_2.runs/impl_1/UART2PWM_wrapper_physopt.dcp' has been generated.
Command: route_design
Attempting to get a license for feature 'Implementation' and/or device 'xc7z020'
INFO: [Common 17-349] Got license for feature 'Implementation' and/or device 'xc7z020'
Running DRC as a precondition to command route_design
INFO: [DRC 23-27] Running DRC with 8 threads
INFO: [Vivado_Tcl 4-198] DRC finished with 0 Errors
INFO: [Vivado_Tcl 4-199] Please refer to the DRC report (report_drc) for more information.


Starting Routing Task
INFO: [Route 35-254] Multithreading enabled for route_design using a maximum of 8 CPUs
Checksum: PlaceDB: 99a1f2fd ConstDB: 0 ShapeSum: dab80eaa RouteDB: 0

Phase 1 Build RT Design
Phase 1 Build RT Design | Checksum: 1a888c785

Time (s): cpu = 00:00:07 ; elapsed = 00:00:05 . Memory (MB): peak = 3467.180 ; gain = 0.000 ; free physical = 16513 ; free virtual = 25882
Post Restoration Checksum: NetGraph: b99f3a9a NumContArr: eee98ceb Constraints: 0 Timing: 0

Phase 2 Router Initialization
INFO: [Route 35-64] No timing constraints were detected. The router will operate in resource-optimization mode.

Phase 2.1 Fix Topology Constraints
Phase 2.1 Fix Topology Constraints | Checksum: 1a888c785

Time (s): cpu = 00:00:07 ; elapsed = 00:00:05 . Memory (MB): peak = 3473.156 ; gain = 5.977 ; free physical = 16480 ; free virtual = 25849

Phase 2.2 Pre Route Cleanup
Phase 2.2 Pre Route Cleanup | Checksum: 1a888c785

Time (s): cpu = 00:00:07 ; elapsed = 00:00:05 . Memory (MB): peak = 3473.156 ; gain = 5.977 ; free physical = 16480 ; free virtual = 25849
 Number of Nodes with overlaps = 0
Phase 2 Router Initialization | Checksum: 57aa3918

Time (s): cpu = 00:00:07 ; elapsed = 00:00:05 . Memory (MB): peak = 3494.039 ; gain = 26.859 ; free physical = 16467 ; free virtual = 25836

Router Utilization Summary
  Global Vertical Routing Utilization    = 0 %
  Global Horizontal Routing Utilization  = 0 %
  Routable Net Status*
  *Does not include unroutable nets such as driverless and loadless.
  Run report_route_status for detailed report.
  Number of Failed Nets               = 96
    (Failed Nets is the sum of unrouted and partially routed nets)
  Number of Unrouted Nets             = 96
  Number of Partially Routed Nets     = 0
  Number of Node Overlaps             = 0


Phase 3 Initial Routing

Phase 3.1 Global Routing
Phase 3.1 Global Routing | Checksum: 57aa3918

Time (s): cpu = 00:00:07 ; elapsed = 00:00:06 . Memory (MB): peak = 3496.391 ; gain = 29.211 ; free physical = 16466 ; free virtual = 25835
Phase 3 Initial Routing | Checksum: f8c97c78

Time (s): cpu = 00:00:07 ; elapsed = 00:00:06 . Memory (MB): peak = 3496.391 ; gain = 29.211 ; free physical = 16470 ; free virtual = 25838

Phase 4 Rip-up And Reroute

Phase 4.1 Global Iteration 0
 Number of Nodes with overlaps = 4
 Number of Nodes with overlaps = 0
Phase 4.1 Global Iteration 0 | Checksum: 1ee9991ab

Time (s): cpu = 00:00:07 ; elapsed = 00:00:06 . Memory (MB): peak = 3496.391 ; gain = 29.211 ; free physical = 16470 ; free virtual = 25838
Phase 4 Rip-up And Reroute | Checksum: 1ee9991ab

Time (s): cpu = 00:00:07 ; elapsed = 00:00:06 . Memory (MB): peak = 3496.391 ; gain = 29.211 ; free physical = 16470 ; free virtual = 25838

Phase 5 Delay and Skew Optimization
Phase 5 Delay and Skew Optimization | Checksum: 1ee9991ab

Time (s): cpu = 00:00:07 ; elapsed = 00:00:06 . Memory (MB): peak = 3496.391 ; gain = 29.211 ; free physical = 16470 ; free virtual = 25838

Phase 6 Post Hold Fix

Phase 6.1 Hold Fix Iter
Phase 6.1 Hold Fix Iter | Checksum: 1ee9991ab

Time (s): cpu = 00:00:07 ; elapsed = 00:00:06 . Memory (MB): peak = 3496.391 ; gain = 29.211 ; free physical = 16470 ; free virtual = 25838
Phase 6 Post Hold Fix | Checksum: 1ee9991ab

Time (s): cpu = 00:00:07 ; elapsed = 00:00:06 . Memory (MB): peak = 3496.391 ; gain = 29.211 ; free physical = 16470 ; free virtual = 25838

Phase 7 Route finalize

Router Utilization Summary
  Global Vertical Routing Utilization    = 0.0156363 %
  Global Horizontal Routing Utilization  = 0.00904327 %
  Routable Net Status*
  *Does not include unroutable nets such as driverless and loadless.
  Run report_route_status for detailed report.
  Number of Failed Nets               = 0
    (Failed Nets is the sum of unrouted and partially routed nets)
  Number of Unrouted Nets             = 0
  Number of Partially Routed Nets     = 0
  Number of Node Overlaps             = 0

Congestion Report
North Dir 1x1 Area, Max Cong = 17.1171%, No Congested Regions.
South Dir 1x1 Area, Max Cong = 16.2162%, No Congested Regions.
East Dir 1x1 Area, Max Cong = 17.6471%, No Congested Regions.
West Dir 1x1 Area, Max Cong = 11.7647%, No Congested Regions.

------------------------------
Reporting congestion hotspots
------------------------------
Direction: North
----------------
Congested clusters found at Level 0
Effective congestion level: 0 Aspect Ratio: 1 Sparse Ratio: 0
Direction: South
----------------
Congested clusters found at Level 0
Effective congestion level: 0 Aspect Ratio: 1 Sparse Ratio: 0
Direction: East
----------------
Congested clusters found at Level 0
Effective congestion level: 0 Aspect Ratio: 1 Sparse Ratio: 0
Direction: West
----------------
Congested clusters found at Level 0
Effective congestion level: 0 Aspect Ratio: 1 Sparse Ratio: 0

Phase 7 Route finalize | Checksum: 1ee9991ab

Time (s): cpu = 00:00:07 ; elapsed = 00:00:06 . Memory (MB): peak = 3496.391 ; gain = 29.211 ; free physical = 16470 ; free virtual = 25838

Phase 8 Verifying routed nets

 Verification completed successfully
Phase 8 Verifying routed nets | Checksum: 1ee9991ab

Time (s): cpu = 00:00:07 ; elapsed = 00:00:06 . Memory (MB): peak = 3496.391 ; gain = 29.211 ; free physical = 16470 ; free virtual = 25838

Phase 9 Depositing Routes
Phase 9 Depositing Routes | Checksum: 1cf90a328

Time (s): cpu = 00:00:07 ; elapsed = 00:00:06 . Memory (MB): peak = 3528.406 ; gain = 61.227 ; free physical = 16470 ; free virtual = 25838
INFO: [Route 35-16] Router Completed Successfully

Time (s): cpu = 00:00:07 ; elapsed = 00:00:06 . Memory (MB): peak = 3528.406 ; gain = 61.227 ; free physical = 16507 ; free virtual = 25875

Routing Is Done.
INFO: [Common 17-83] Releasing license: Implementation
70 Infos, 1 Warnings, 0 Critical Warnings and 0 Errors encountered.
route_design completed successfully
route_design: Time (s): cpu = 00:00:08 ; elapsed = 00:00:06 . Memory (MB): peak = 3528.406 ; gain = 61.227 ; free physical = 16507 ; free virtual = 25875
INFO: [Timing 38-480] Writing timing data to binary archive.
Writing placer database...
Writing XDEF routing.
Writing XDEF routing logical nets.
Writing XDEF routing special nets.
Write XDEF Complete: Time (s): cpu = 00:00:00.02 ; elapsed = 00:00:00.01 . Memory (MB): peak = 3528.406 ; gain = 0.000 ; free physical = 16508 ; free virtual = 25877
INFO: [Common 17-1381] The checkpoint '/home/therk/emb_sys_vivado/project_2/project_2.runs/impl_1/UART2PWM_wrapper_routed.dcp' has been generated.
INFO: [runtcl-4] Executing : report_drc -file UART2PWM_wrapper_drc_routed.rpt -pb UART2PWM_wrapper_drc_routed.pb -rpx UART2PWM_wrapper_drc_routed.rpx
Command: report_drc -file UART2PWM_wrapper_drc_routed.rpt -pb UART2PWM_wrapper_drc_routed.pb -rpx UART2PWM_wrapper_drc_routed.rpx
INFO: [IP_Flow 19-1839] IP Catalog is up to date.
INFO: [DRC 23-27] Running DRC with 8 threads
INFO: [Coretcl 2-168] The results of DRC are in file /home/therk/emb_sys_vivado/project_2/project_2.runs/impl_1/UART2PWM_wrapper_drc_routed.rpt.
report_drc completed successfully
INFO: [runtcl-4] Executing : report_methodology -file UART2PWM_wrapper_methodology_drc_routed.rpt -pb UART2PWM_wrapper_methodology_drc_routed.pb -rpx UART2PWM_wrapper_methodology_drc_routed.rpx
Command: report_methodology -file UART2PWM_wrapper_methodology_drc_routed.rpt -pb UART2PWM_wrapper_methodology_drc_routed.pb -rpx UART2PWM_wrapper_methodology_drc_routed.rpx
INFO: [Timing 38-35] Done setting XDC timing constraints.
INFO: [DRC 23-133] Running Methodology with 8 threads
INFO: [Coretcl 2-1520] The results of Report Methodology are in file /home/therk/emb_sys_vivado/project_2/project_2.runs/impl_1/UART2PWM_wrapper_methodology_drc_routed.rpt.
report_methodology completed successfully
INFO: [runtcl-4] Executing : report_power -file UART2PWM_wrapper_power_routed.rpt -pb UART2PWM_wrapper_power_summary_routed.pb -rpx UART2PWM_wrapper_power_routed.rpx
Command: report_power -file UART2PWM_wrapper_power_routed.rpt -pb UART2PWM_wrapper_power_summary_routed.pb -rpx UART2PWM_wrapper_power_routed.rpx
INFO: [Timing 38-35] Done setting XDC timing constraints.
WARNING: [Power 33-232] No user defined clocks were found in the design! Power estimation will be inaccurate until this is corrected.
Resolution: Please specify clocks using create_clock/create_generated_clock for sequential elements. For pure combinatorial circuits, please specify a virtual clock, otherwise the vectorless estimation might be inaccurate
Running Vector-less Activity Propagation...

Finished Running Vector-less Activity Propagation
82 Infos, 2 Warnings, 0 Critical Warnings and 0 Errors encountered.
report_power completed successfully
INFO: [runtcl-4] Executing : report_route_status -file UART2PWM_wrapper_route_status.rpt -pb UART2PWM_wrapper_route_status.pb
INFO: [runtcl-4] Executing : report_timing_summary -max_paths 10 -file UART2PWM_wrapper_timing_summary_routed.rpt -pb UART2PWM_wrapper_timing_summary_routed.pb -rpx UART2PWM_wrapper_timing_summary_routed.rpx -warn_on_violation 
INFO: [Timing 38-91] UpdateTimingParams: Speed grade: -1, Delay Type: min_max.
INFO: [Timing 38-191] Multithreading enabled for timing update using a maximum of 8 CPUs
WARNING: [Timing 38-313] There are no user specified timing constraints. Timing constraints are needed for proper timing analysis.
INFO: [runtcl-4] Executing : report_incremental_reuse -file UART2PWM_wrapper_incremental_reuse_routed.rpt
INFO: [Vivado_Tcl 4-1062] Incremental flow is disabled. No incremental reuse Info to report.
INFO: [runtcl-4] Executing : report_clock_utilization -file UART2PWM_wrapper_clock_utilization_routed.rpt
INFO: [runtcl-4] Executing : report_bus_skew -warn_on_violation -file UART2PWM_wrapper_bus_skew_routed.rpt -pb UART2PWM_wrapper_bus_skew_routed.pb -rpx UART2PWM_wrapper_bus_skew_routed.rpx
INFO: [Timing 38-91] UpdateTimingParams: Speed grade: -1, Delay Type: min_max.
INFO: [Timing 38-191] Multithreading enabled for timing update using a maximum of 8 CPUs
Command: write_bitstream -force UART2PWM_wrapper.bit
Attempting to get a license for feature 'Implementation' and/or device 'xc7z020'
INFO: [Common 17-349] Got license for feature 'Implementation' and/or device 'xc7z020'
Running DRC as a precondition to command write_bitstream
INFO: [IP_Flow 19-1839] IP Catalog is up to date.
INFO: [DRC 23-27] Running DRC with 8 threads
WARNING: [DRC ZPS7-1] PS7 block required: The PS7 cell must be used in this Zynq design in order to enable correct default configuration.
INFO: [Vivado 12-3199] DRC finished with 0 Errors, 1 Warnings
INFO: [Vivado 12-3200] Please refer to the DRC report (report_drc) for more information.
INFO: [Designutils 20-2272] Running write_bitstream with 8 threads.
Loading data files...
Loading site data...
Loading route data...
Processing options...
Creating bitmap...
Creating bitstream...
Writing bitstream ./UART2PWM_wrapper.bit...
INFO: [Vivado 12-1842] Bitgen Completed Successfully.
INFO: [Project 1-120] WebTalk data collection is mandatory when using a WebPACK part without a full Vivado license. To see the specific WebTalk data collected for your design, open the usage_statistics_webtalk.html or usage_statistics_webtalk.xml file in the implementation directory.
INFO: [Common 17-83] Releasing license: Implementation
12 Infos, 1 Warnings, 0 Critical Warnings and 0 Errors encountered.
write_bitstream completed successfully
write_bitstream: Time (s): cpu = 00:00:05 ; elapsed = 00:00:06 . Memory (MB): peak = 3860.727 ; gain = 180.945 ; free physical = 16486 ; free virtual = 25865
INFO: [Common 17-206] Exiting Vivado at Tue Sep 24 16:07:55 2024...
