Copyright 1986-2020 Xilinx, Inc. All Rights Reserved.
--------------------------------------------------------------------------------------------------------------------------------------------------------------------------------------
| Tool Version : Vivado v.2020.2 (lin64) Build 3064766 Wed Nov 18 09:12:47 MST 2020
| Date         : Fri Oct  4 12:25:03 2024
| Host         : hephaestus running 64-bit Ubuntu 20.04.6 LTS
| Command      : report_methodology -file UART2PWM_wrapper_methodology_drc_routed.rpt -pb UART2PWM_wrapper_methodology_drc_routed.pb -rpx UART2PWM_wrapper_methodology_drc_routed.rpx
| Design       : UART2PWM_wrapper
| Device       : xc7z020clg400-1
| Speed File   : -1
| Design State : Fully Routed
--------------------------------------------------------------------------------------------------------------------------------------------------------------------------------------

Report Methodology

Table of Contents
-----------------
1. REPORT SUMMARY
2. REPORT DETAILS

1. REPORT SUMMARY
-----------------
            Netlist: netlist
          Floorplan: design_1
      Design limits: <entire design considered>
             Max violations: <unlimited>
             Violations found: 54
+-----------+------------------+------------------------------+------------+
| Rule      | Severity         | Description                  | Violations |
+-----------+------------------+------------------------------+------------+
| TIMING-17 | Critical Warning | Non-clocked sequential cell  | 53         |
| LUTAR-1   | Warning          | LUT drives async reset alert | 1          |
+-----------+------------------+------------------------------+------------+

2. REPORT DETAILS
-----------------
TIMING-17#1 Critical Warning
Non-clocked sequential cell  
The clock pin UART2PWM_i/PWM/counter_0/inst/count_temp_reg[0]/C is not reached by a timing clock
Related violations: <none>

TIMING-17#2 Critical Warning
Non-clocked sequential cell  
The clock pin UART2PWM_i/PWM/counter_0/inst/count_temp_reg[10]/C is not reached by a timing clock
Related violations: <none>

TIMING-17#3 Critical Warning
Non-clocked sequential cell  
The clock pin UART2PWM_i/PWM/counter_0/inst/count_temp_reg[11]/C is not reached by a timing clock
Related violations: <none>

TIMING-17#4 Critical Warning
Non-clocked sequential cell  
The clock pin UART2PWM_i/PWM/counter_0/inst/count_temp_reg[12]/C is not reached by a timing clock
Related violations: <none>

TIMING-17#5 Critical Warning
Non-clocked sequential cell  
The clock pin UART2PWM_i/PWM/counter_0/inst/count_temp_reg[13]/C is not reached by a timing clock
Related violations: <none>

TIMING-17#6 Critical Warning
Non-clocked sequential cell  
The clock pin UART2PWM_i/PWM/counter_0/inst/count_temp_reg[14]/C is not reached by a timing clock
Related violations: <none>

TIMING-17#7 Critical Warning
Non-clocked sequential cell  
The clock pin UART2PWM_i/PWM/counter_0/inst/count_temp_reg[15]/C is not reached by a timing clock
Related violations: <none>

TIMING-17#8 Critical Warning
Non-clocked sequential cell  
The clock pin UART2PWM_i/PWM/counter_0/inst/count_temp_reg[16]/C is not reached by a timing clock
Related violations: <none>

TIMING-17#9 Critical Warning
Non-clocked sequential cell  
The clock pin UART2PWM_i/PWM/counter_0/inst/count_temp_reg[17]/C is not reached by a timing clock
Related violations: <none>

TIMING-17#10 Critical Warning
Non-clocked sequential cell  
The clock pin UART2PWM_i/PWM/counter_0/inst/count_temp_reg[18]/C is not reached by a timing clock
Related violations: <none>

TIMING-17#11 Critical Warning
Non-clocked sequential cell  
The clock pin UART2PWM_i/PWM/counter_0/inst/count_temp_reg[19]/C is not reached by a timing clock
Related violations: <none>

TIMING-17#12 Critical Warning
Non-clocked sequential cell  
The clock pin UART2PWM_i/PWM/counter_0/inst/count_temp_reg[1]/C is not reached by a timing clock
Related violations: <none>

TIMING-17#13 Critical Warning
Non-clocked sequential cell  
The clock pin UART2PWM_i/PWM/counter_0/inst/count_temp_reg[20]/C is not reached by a timing clock
Related violations: <none>

TIMING-17#14 Critical Warning
Non-clocked sequential cell  
The clock pin UART2PWM_i/PWM/counter_0/inst/count_temp_reg[21]/C is not reached by a timing clock
Related violations: <none>

TIMING-17#15 Critical Warning
Non-clocked sequential cell  
The clock pin UART2PWM_i/PWM/counter_0/inst/count_temp_reg[22]/C is not reached by a timing clock
Related violations: <none>

TIMING-17#16 Critical Warning
Non-clocked sequential cell  
The clock pin UART2PWM_i/PWM/counter_0/inst/count_temp_reg[23]/C is not reached by a timing clock
Related violations: <none>

TIMING-17#17 Critical Warning
Non-clocked sequential cell  
The clock pin UART2PWM_i/PWM/counter_0/inst/count_temp_reg[24]/C is not reached by a timing clock
Related violations: <none>

TIMING-17#18 Critical Warning
Non-clocked sequential cell  
The clock pin UART2PWM_i/PWM/counter_0/inst/count_temp_reg[25]/C is not reached by a timing clock
Related violations: <none>

TIMING-17#19 Critical Warning
Non-clocked sequential cell  
The clock pin UART2PWM_i/PWM/counter_0/inst/count_temp_reg[26]/C is not reached by a timing clock
Related violations: <none>

TIMING-17#20 Critical Warning
Non-clocked sequential cell  
The clock pin UART2PWM_i/PWM/counter_0/inst/count_temp_reg[2]/C is not reached by a timing clock
Related violations: <none>

TIMING-17#21 Critical Warning
Non-clocked sequential cell  
The clock pin UART2PWM_i/PWM/counter_0/inst/count_temp_reg[3]/C is not reached by a timing clock
Related violations: <none>

TIMING-17#22 Critical Warning
Non-clocked sequential cell  
The clock pin UART2PWM_i/PWM/counter_0/inst/count_temp_reg[4]/C is not reached by a timing clock
Related violations: <none>

TIMING-17#23 Critical Warning
Non-clocked sequential cell  
The clock pin UART2PWM_i/PWM/counter_0/inst/count_temp_reg[5]/C is not reached by a timing clock
Related violations: <none>

TIMING-17#24 Critical Warning
Non-clocked sequential cell  
The clock pin UART2PWM_i/PWM/counter_0/inst/count_temp_reg[6]/C is not reached by a timing clock
Related violations: <none>

TIMING-17#25 Critical Warning
Non-clocked sequential cell  
The clock pin UART2PWM_i/PWM/counter_0/inst/count_temp_reg[7]/C is not reached by a timing clock
Related violations: <none>

TIMING-17#26 Critical Warning
Non-clocked sequential cell  
The clock pin UART2PWM_i/PWM/counter_0/inst/count_temp_reg[8]/C is not reached by a timing clock
Related violations: <none>

TIMING-17#27 Critical Warning
Non-clocked sequential cell  
The clock pin UART2PWM_i/PWM/counter_0/inst/count_temp_reg[9]/C is not reached by a timing clock
Related violations: <none>

TIMING-17#28 Critical Warning
Non-clocked sequential cell  
The clock pin UART2PWM_i/UART/clk_divider_0/inst/clk_div_sig_reg/C is not reached by a timing clock
Related violations: <none>

TIMING-17#29 Critical Warning
Non-clocked sequential cell  
The clock pin UART2PWM_i/UART/clk_divider_0/inst/count_sig_reg[0]/C is not reached by a timing clock
Related violations: <none>

TIMING-17#30 Critical Warning
Non-clocked sequential cell  
The clock pin UART2PWM_i/UART/clk_divider_0/inst/count_sig_reg[1]/C is not reached by a timing clock
Related violations: <none>

TIMING-17#31 Critical Warning
Non-clocked sequential cell  
The clock pin UART2PWM_i/UART/clk_divider_0/inst/count_sig_reg[2]/C is not reached by a timing clock
Related violations: <none>

TIMING-17#32 Critical Warning
Non-clocked sequential cell  
The clock pin UART2PWM_i/UART/clk_divider_0/inst/count_sig_reg[3]/C is not reached by a timing clock
Related violations: <none>

TIMING-17#33 Critical Warning
Non-clocked sequential cell  
The clock pin UART2PWM_i/UART/clk_divider_0/inst/count_sig_reg[4]/C is not reached by a timing clock
Related violations: <none>

TIMING-17#34 Critical Warning
Non-clocked sequential cell  
The clock pin UART2PWM_i/UART/clk_divider_0/inst/count_sig_reg[5]/C is not reached by a timing clock
Related violations: <none>

TIMING-17#35 Critical Warning
Non-clocked sequential cell  
The clock pin UART2PWM_i/UART/clk_divider_0/inst/count_sig_reg[6]/C is not reached by a timing clock
Related violations: <none>

TIMING-17#36 Critical Warning
Non-clocked sequential cell  
The clock pin UART2PWM_i/UART/clk_divider_0/inst/count_sig_reg[7]/C is not reached by a timing clock
Related violations: <none>

TIMING-17#37 Critical Warning
Non-clocked sequential cell  
The clock pin UART2PWM_i/UART/rx_mod_0/inst/count_reg[0]/C is not reached by a timing clock
Related violations: <none>

TIMING-17#38 Critical Warning
Non-clocked sequential cell  
The clock pin UART2PWM_i/UART/rx_mod_0/inst/count_reg[1]/C is not reached by a timing clock
Related violations: <none>

TIMING-17#39 Critical Warning
Non-clocked sequential cell  
The clock pin UART2PWM_i/UART/rx_mod_0/inst/count_reg[2]/C is not reached by a timing clock
Related violations: <none>

TIMING-17#40 Critical Warning
Non-clocked sequential cell  
The clock pin UART2PWM_i/UART/rx_mod_0/inst/count_reg[3]/C is not reached by a timing clock
Related violations: <none>

TIMING-17#41 Critical Warning
Non-clocked sequential cell  
The clock pin UART2PWM_i/UART/rx_mod_0/inst/rxin_reg/C is not reached by a timing clock
Related violations: <none>

TIMING-17#42 Critical Warning
Non-clocked sequential cell  
The clock pin UART2PWM_i/UART/rx_mod_0/inst/rxmt_reg/C is not reached by a timing clock
Related violations: <none>

TIMING-17#43 Critical Warning
Non-clocked sequential cell  
The clock pin UART2PWM_i/UART/rx_mod_0/inst/rxreg_reg[0]/C is not reached by a timing clock
Related violations: <none>

TIMING-17#44 Critical Warning
Non-clocked sequential cell  
The clock pin UART2PWM_i/UART/rx_mod_0/inst/rxreg_reg[1]/C is not reached by a timing clock
Related violations: <none>

TIMING-17#45 Critical Warning
Non-clocked sequential cell  
The clock pin UART2PWM_i/UART/rx_mod_0/inst/rxreg_reg[2]/C is not reached by a timing clock
Related violations: <none>

TIMING-17#46 Critical Warning
Non-clocked sequential cell  
The clock pin UART2PWM_i/UART/rx_mod_0/inst/rxreg_reg[3]/C is not reached by a timing clock
Related violations: <none>

TIMING-17#47 Critical Warning
Non-clocked sequential cell  
The clock pin UART2PWM_i/UART/rx_mod_0/inst/rxreg_reg[4]/C is not reached by a timing clock
Related violations: <none>

TIMING-17#48 Critical Warning
Non-clocked sequential cell  
The clock pin UART2PWM_i/UART/rx_mod_0/inst/rxreg_reg[5]/C is not reached by a timing clock
Related violations: <none>

TIMING-17#49 Critical Warning
Non-clocked sequential cell  
The clock pin UART2PWM_i/UART/rx_mod_0/inst/rxreg_reg[6]/C is not reached by a timing clock
Related violations: <none>

TIMING-17#50 Critical Warning
Non-clocked sequential cell  
The clock pin UART2PWM_i/UART/rx_mod_0/inst/rxreg_reg[7]/C is not reached by a timing clock
Related violations: <none>

TIMING-17#51 Critical Warning
Non-clocked sequential cell  
The clock pin UART2PWM_i/UART/rx_mod_0/inst/rxreg_reg[8]/C is not reached by a timing clock
Related violations: <none>

TIMING-17#52 Critical Warning
Non-clocked sequential cell  
The clock pin UART2PWM_i/UART/rx_mod_0/inst/rxreg_reg[9]/C is not reached by a timing clock
Related violations: <none>

TIMING-17#53 Critical Warning
Non-clocked sequential cell  
The clock pin UART2PWM_i/UART/rx_mod_0/inst/start_flag_reg/C is not reached by a timing clock
Related violations: <none>

LUTAR-1#1 Warning
LUT drives async reset alert  
LUT cell UART2PWM_i/PWM/counter_0/inst/count_temp[26]_i_2, with 2 or more inputs, drives asynchronous preset/clear pin(s) UART2PWM_i/PWM/counter_0/inst/count_temp_reg[0]/CLR,
UART2PWM_i/PWM/counter_0/inst/count_temp_reg[10]/CLR,
UART2PWM_i/PWM/counter_0/inst/count_temp_reg[11]/CLR,
UART2PWM_i/PWM/counter_0/inst/count_temp_reg[12]/CLR,
UART2PWM_i/PWM/counter_0/inst/count_temp_reg[13]/CLR,
UART2PWM_i/PWM/counter_0/inst/count_temp_reg[14]/CLR,
UART2PWM_i/PWM/counter_0/inst/count_temp_reg[15]/CLR,
UART2PWM_i/PWM/counter_0/inst/count_temp_reg[16]/CLR,
UART2PWM_i/PWM/counter_0/inst/count_temp_reg[17]/CLR,
UART2PWM_i/PWM/counter_0/inst/count_temp_reg[18]/CLR,
UART2PWM_i/PWM/counter_0/inst/count_temp_reg[19]/CLR,
UART2PWM_i/PWM/counter_0/inst/count_temp_reg[1]/CLR,
UART2PWM_i/PWM/counter_0/inst/count_temp_reg[20]/CLR,
UART2PWM_i/PWM/counter_0/inst/count_temp_reg[21]/CLR,
UART2PWM_i/PWM/counter_0/inst/count_temp_reg[22]/CLR
 (the first 15 of 27 listed). The LUT may glitch and trigger an unexpected reset, even if it is a properly timed path.
Related violations: <none>


